C:\USERS\MERDEM\DESKTOP\ASSIGNMENT2\GAME2002A2\DEBUG\MAIN.OBJ
C:\USERS\MERDEM\DESKTOP\ASSIGNMENT2\GAME2002A2\DEBUG\MENUSTATE.OBJ
C:\USERS\MERDEM\DESKTOP\ASSIGNMENT2\GAME2002A2\DEBUG\MUSICPLAYER.OBJ
C:\USERS\MERDEM\DESKTOP\ASSIGNMENT2\GAME2002A2\DEBUG\PARTICLENODE.OBJ
C:\USERS\MERDEM\DESKTOP\ASSIGNMENT2\GAME2002A2\DEBUG\PAUSESTATE.OBJ
C:\USERS\MERDEM\DESKTOP\ASSIGNMENT2\GAME2002A2\DEBUG\PICKUP.OBJ
C:\USERS\MERDEM\DESKTOP\ASSIGNMENT2\GAME2002A2\DEBUG\PLAYER.OBJ
C:\USERS\MERDEM\DESKTOP\ASSIGNMENT2\GAME2002A2\DEBUG\POSTEFFECT.OBJ
C:\USERS\MERDEM\DESKTOP\ASSIGNMENT2\GAME2002A2\DEBUG\PROJECTILE.OBJ
C:\USERS\MERDEM\DESKTOP\ASSIGNMENT2\GAME2002A2\DEBUG\SCENENODE.OBJ
C:\USERS\MERDEM\DESKTOP\ASSIGNMENT2\GAME2002A2\DEBUG\SETTINGSSTATE.OBJ
C:\USERS\MERDEM\DESKTOP\ASSIGNMENT2\GAME2002A2\DEBUG\SOUNDNODE.OBJ
C:\USERS\MERDEM\DESKTOP\ASSIGNMENT2\GAME2002A2\DEBUG\SOUNDPLAYER.OBJ
C:\USERS\MERDEM\DESKTOP\ASSIGNMENT2\GAME2002A2\DEBUG\SPRITENODE.OBJ
C:\USERS\MERDEM\DESKTOP\ASSIGNMENT2\GAME2002A2\DEBUG\STATE.OBJ
C:\USERS\MERDEM\DESKTOP\ASSIGNMENT2\GAME2002A2\DEBUG\STATESTACK.OBJ
C:\USERS\MERDEM\DESKTOP\ASSIGNMENT2\GAME2002A2\DEBUG\TEXTNODE.OBJ
C:\USERS\MERDEM\DESKTOP\ASSIGNMENT2\GAME2002A2\DEBUG\TITLESTATE.OBJ
C:\USERS\MERDEM\DESKTOP\ASSIGNMENT2\GAME2002A2\DEBUG\UTILITY.OBJ
C:\USERS\MERDEM\DESKTOP\ASSIGNMENT2\GAME2002A2\DEBUG\WORLD.OBJ
C:\USERS\MERDEM\DESKTOP\ASSIGNMENT2\GAME2002A2\DEBUG\AIRCRAFT.OBJ
C:\USERS\MERDEM\DESKTOP\ASSIGNMENT2\GAME2002A2\DEBUG\ANIMATION.OBJ
C:\USERS\MERDEM\DESKTOP\ASSIGNMENT2\GAME2002A2\DEBUG\APPLICATION.OBJ
C:\USERS\MERDEM\DESKTOP\ASSIGNMENT2\GAME2002A2\DEBUG\BLOOMEFFECT.OBJ
C:\USERS\MERDEM\DESKTOP\ASSIGNMENT2\GAME2002A2\DEBUG\BUTTON.OBJ
C:\USERS\MERDEM\DESKTOP\ASSIGNMENT2\GAME2002A2\DEBUG\COMMAND.OBJ
C:\USERS\MERDEM\DESKTOP\ASSIGNMENT2\GAME2002A2\DEBUG\COMMANDQUEUE.OBJ
C:\USERS\MERDEM\DESKTOP\ASSIGNMENT2\GAME2002A2\DEBUG\COMPONENT.OBJ
C:\USERS\MERDEM\DESKTOP\ASSIGNMENT2\GAME2002A2\DEBUG\CONTAINER.OBJ
C:\USERS\MERDEM\DESKTOP\ASSIGNMENT2\GAME2002A2\DEBUG\DATATABLES.OBJ
C:\USERS\MERDEM\DESKTOP\ASSIGNMENT2\GAME2002A2\DEBUG\EMITTERNODE.OBJ
C:\USERS\MERDEM\DESKTOP\ASSIGNMENT2\GAME2002A2\DEBUG\ENTITY.OBJ
C:\USERS\MERDEM\DESKTOP\ASSIGNMENT2\GAME2002A2\DEBUG\GAMEOVERSTATE.OBJ
C:\USERS\MERDEM\DESKTOP\ASSIGNMENT2\GAME2002A2\DEBUG\GAMESTATE.OBJ
C:\USERS\MERDEM\DESKTOP\ASSIGNMENT2\GAME2002A2\DEBUG\GAMESTATE2.OBJ
C:\USERS\MERDEM\DESKTOP\ASSIGNMENT2\GAME2002A2\DEBUG\GAMESTATE3.OBJ
C:\USERS\MERDEM\DESKTOP\ASSIGNMENT2\GAME2002A2\DEBUG\LABEL.OBJ
C:\USERS\MERDEM\DESKTOP\ASSIGNMENT2\GAME2002A2\DEBUG\VC110.PDB
C:\USERS\VINCENT NI\DESKTOP\ASSIGNMENT2\GAME2002A2\DEBUG\MAIN.OBJ
C:\USERS\VINCENT NI\DESKTOP\ASSIGNMENT2\GAME2002A2\DEBUG\MENUSTATE.OBJ
C:\USERS\VINCENT NI\DESKTOP\ASSIGNMENT2\GAME2002A2\DEBUG\MUSICPLAYER.OBJ
C:\USERS\VINCENT NI\DESKTOP\ASSIGNMENT2\GAME2002A2\DEBUG\PARTICLENODE.OBJ
C:\USERS\VINCENT NI\DESKTOP\ASSIGNMENT2\GAME2002A2\DEBUG\PAUSESTATE.OBJ
C:\USERS\VINCENT NI\DESKTOP\ASSIGNMENT2\GAME2002A2\DEBUG\PICKUP.OBJ
C:\USERS\VINCENT NI\DESKTOP\ASSIGNMENT2\GAME2002A2\DEBUG\PLAYER.OBJ
C:\USERS\VINCENT NI\DESKTOP\ASSIGNMENT2\GAME2002A2\DEBUG\POSTEFFECT.OBJ
C:\USERS\VINCENT NI\DESKTOP\ASSIGNMENT2\GAME2002A2\DEBUG\PROJECTILE.OBJ
C:\USERS\VINCENT NI\DESKTOP\ASSIGNMENT2\GAME2002A2\DEBUG\SCENENODE.OBJ
C:\USERS\VINCENT NI\DESKTOP\ASSIGNMENT2\GAME2002A2\DEBUG\SETTINGSSTATE.OBJ
C:\USERS\VINCENT NI\DESKTOP\ASSIGNMENT2\GAME2002A2\DEBUG\SOUNDNODE.OBJ
C:\USERS\VINCENT NI\DESKTOP\ASSIGNMENT2\GAME2002A2\DEBUG\SOUNDPLAYER.OBJ
C:\USERS\VINCENT NI\DESKTOP\ASSIGNMENT2\GAME2002A2\DEBUG\SPRITENODE.OBJ
C:\USERS\VINCENT NI\DESKTOP\ASSIGNMENT2\GAME2002A2\DEBUG\STATE.OBJ
C:\USERS\VINCENT NI\DESKTOP\ASSIGNMENT2\GAME2002A2\DEBUG\STATESTACK.OBJ
C:\USERS\VINCENT NI\DESKTOP\ASSIGNMENT2\GAME2002A2\DEBUG\TEXTNODE.OBJ
C:\USERS\VINCENT NI\DESKTOP\ASSIGNMENT2\GAME2002A2\DEBUG\TITLESTATE.OBJ
C:\USERS\VINCENT NI\DESKTOP\ASSIGNMENT2\GAME2002A2\DEBUG\UTILITY.OBJ
C:\USERS\VINCENT NI\DESKTOP\ASSIGNMENT2\GAME2002A2\DEBUG\WORLD.OBJ
C:\USERS\VINCENT NI\DESKTOP\ASSIGNMENT2\GAME2002A2\DEBUG\AIRCRAFT.OBJ
C:\USERS\VINCENT NI\DESKTOP\ASSIGNMENT2\GAME2002A2\DEBUG\ANIMATION.OBJ
C:\USERS\VINCENT NI\DESKTOP\ASSIGNMENT2\GAME2002A2\DEBUG\APPLICATION.OBJ
C:\USERS\VINCENT NI\DESKTOP\ASSIGNMENT2\GAME2002A2\DEBUG\BLOOMEFFECT.OBJ
C:\USERS\VINCENT NI\DESKTOP\ASSIGNMENT2\GAME2002A2\DEBUG\BUTTON.OBJ
C:\USERS\VINCENT NI\DESKTOP\ASSIGNMENT2\GAME2002A2\DEBUG\COMMAND.OBJ
C:\USERS\VINCENT NI\DESKTOP\ASSIGNMENT2\GAME2002A2\DEBUG\COMMANDQUEUE.OBJ
C:\USERS\VINCENT NI\DESKTOP\ASSIGNMENT2\GAME2002A2\DEBUG\COMPONENT.OBJ
C:\USERS\VINCENT NI\DESKTOP\ASSIGNMENT2\GAME2002A2\DEBUG\CONTAINER.OBJ
C:\USERS\VINCENT NI\DESKTOP\ASSIGNMENT2\GAME2002A2\DEBUG\DATATABLES.OBJ
C:\USERS\VINCENT NI\DESKTOP\ASSIGNMENT2\GAME2002A2\DEBUG\EMITTERNODE.OBJ
C:\USERS\VINCENT NI\DESKTOP\ASSIGNMENT2\GAME2002A2\DEBUG\ENTITY.OBJ
C:\USERS\VINCENT NI\DESKTOP\ASSIGNMENT2\GAME2002A2\DEBUG\GAMEOVERSTATE.OBJ
C:\USERS\VINCENT NI\DESKTOP\ASSIGNMENT2\GAME2002A2\DEBUG\GAMESTATE.OBJ
C:\USERS\VINCENT NI\DESKTOP\ASSIGNMENT2\GAME2002A2\DEBUG\GAMESTATE2.OBJ
C:\USERS\VINCENT NI\DESKTOP\ASSIGNMENT2\GAME2002A2\DEBUG\GAMESTATE3.OBJ
C:\USERS\VINCENT NI\DESKTOP\ASSIGNMENT2\GAME2002A2\DEBUG\LABEL.OBJ
C:\USERS\VINCENT NI\DESKTOP\ASSIGNMENT2\GAME2002A2\DEBUG\VC110.PDB
C:\USERS\MERDEM\DESKTOP\ASSIGNMENT2\DEBUG\GAME2002A2.ILK
C:\USERS\MERDEM\DESKTOP\ASSIGNMENT2\DEBUG\GAME2002A2.EXE
C:\USERS\MERDEM\DESKTOP\ASSIGNMENT2\DEBUG\GAME2002A2.PDB
C:\Users\Vincent Ni\Desktop\Assignment2\Game2002A2\Debug\Aircraft.obj
C:\Users\Vincent Ni\Desktop\Assignment2\Game2002A2\Debug\Animation.obj
C:\Users\Vincent Ni\Desktop\Assignment2\Game2002A2\Debug\Application.obj
C:\Users\Vincent Ni\Desktop\Assignment2\Game2002A2\Debug\BloomEffect.obj
C:\Users\Vincent Ni\Desktop\Assignment2\Game2002A2\Debug\Button.obj
C:\Users\Vincent Ni\Desktop\Assignment2\Game2002A2\Debug\Command.obj
C:\Users\Vincent Ni\Desktop\Assignment2\Game2002A2\Debug\CommandQueue.obj
C:\Users\Vincent Ni\Desktop\Assignment2\Game2002A2\Debug\Component.obj
C:\Users\Vincent Ni\Desktop\Assignment2\Game2002A2\Debug\Container.obj
C:\Users\Vincent Ni\Desktop\Assignment2\Game2002A2\Debug\DataTables.obj
C:\Users\Vincent Ni\Desktop\Assignment2\Game2002A2\Debug\EmitterNode.obj
C:\Users\Vincent Ni\Desktop\Assignment2\Game2002A2\Debug\Entity.obj
C:\Users\Vincent Ni\Desktop\Assignment2\Game2002A2\Debug\GameOverState.obj
C:\Users\Vincent Ni\Desktop\Assignment2\Game2002A2\Debug\GameState.obj
C:\Users\Vincent Ni\Desktop\Assignment2\Game2002A2\Debug\GameState2.obj
C:\Users\Vincent Ni\Desktop\Assignment2\Game2002A2\Debug\GameState3.obj
C:\Users\Vincent Ni\Desktop\Assignment2\Game2002A2\Debug\Label.obj
C:\Users\Vincent Ni\Desktop\Assignment2\Game2002A2\Debug\Main.obj
C:\Users\Vincent Ni\Desktop\Assignment2\Game2002A2\Debug\MenuState.obj
C:\Users\Vincent Ni\Desktop\Assignment2\Game2002A2\Debug\MusicPlayer.obj
C:\Users\Vincent Ni\Desktop\Assignment2\Game2002A2\Debug\ParticleNode.obj
C:\Users\Vincent Ni\Desktop\Assignment2\Game2002A2\Debug\PauseState.obj
C:\Users\Vincent Ni\Desktop\Assignment2\Game2002A2\Debug\Pickup.obj
C:\Users\Vincent Ni\Desktop\Assignment2\Game2002A2\Debug\Player.obj
C:\Users\Vincent Ni\Desktop\Assignment2\Game2002A2\Debug\PostEffect.obj
C:\Users\Vincent Ni\Desktop\Assignment2\Game2002A2\Debug\Projectile.obj
C:\Users\Vincent Ni\Desktop\Assignment2\Game2002A2\Debug\SceneNode.obj
C:\Users\Vincent Ni\Desktop\Assignment2\Game2002A2\Debug\SettingsState.obj
C:\Users\Vincent Ni\Desktop\Assignment2\Game2002A2\Debug\SoundNode.obj
C:\Users\Vincent Ni\Desktop\Assignment2\Game2002A2\Debug\SoundPlayer.obj
C:\Users\Vincent Ni\Desktop\Assignment2\Game2002A2\Debug\Source.obj
C:\Users\Vincent Ni\Desktop\Assignment2\Game2002A2\Debug\SpriteNode.obj
C:\Users\Vincent Ni\Desktop\Assignment2\Game2002A2\Debug\State.obj
C:\Users\Vincent Ni\Desktop\Assignment2\Game2002A2\Debug\StateStack.obj
C:\Users\Vincent Ni\Desktop\Assignment2\Game2002A2\Debug\TextNode.obj
C:\Users\Vincent Ni\Desktop\Assignment2\Game2002A2\Debug\TitleState.obj
C:\Users\Vincent Ni\Desktop\Assignment2\Game2002A2\Debug\Utility.obj
C:\Users\Vincent Ni\Desktop\Assignment2\Game2002A2\Debug\World.obj
C:\Users\Vincent Ni\Desktop\Assignment2\Game2002A2\Debug\cl.command.1.tlog
C:\Users\Vincent Ni\Desktop\Assignment2\Game2002A2\Debug\CL.read.1.tlog
C:\Users\Vincent Ni\Desktop\Assignment2\Game2002A2\Debug\CL.write.1.tlog
C:\Users\Vincent Ni\Desktop\Assignment2\Game2002A2\Debug\link-cvtres.read.1.tlog
C:\Users\Vincent Ni\Desktop\Assignment2\Game2002A2\Debug\link-cvtres.write.1.tlog
C:\Users\Vincent Ni\Desktop\Assignment2\Game2002A2\Debug\link-rc.read.1.tlog
C:\Users\Vincent Ni\Desktop\Assignment2\Game2002A2\Debug\link-rc.write.1.tlog
C:\Users\Vincent Ni\Desktop\Assignment2\Game2002A2\Debug\link.1160-cvtres.read.1.tlog
C:\Users\Vincent Ni\Desktop\Assignment2\Game2002A2\Debug\link.1160-cvtres.write.1.tlog
C:\Users\Vincent Ni\Desktop\Assignment2\Game2002A2\Debug\link.1160-rc.read.1.tlog
C:\Users\Vincent Ni\Desktop\Assignment2\Game2002A2\Debug\link.1160-rc.write.1.tlog
C:\Users\Vincent Ni\Desktop\Assignment2\Game2002A2\Debug\link.1160.read.1.tlog
C:\Users\Vincent Ni\Desktop\Assignment2\Game2002A2\Debug\link.1160.write.1.tlog
C:\Users\Vincent Ni\Desktop\Assignment2\Game2002A2\Debug\link.1548-cvtres.read.1.tlog
C:\Users\Vincent Ni\Desktop\Assignment2\Game2002A2\Debug\link.1548-cvtres.write.1.tlog
C:\Users\Vincent Ni\Desktop\Assignment2\Game2002A2\Debug\link.1548-rc.read.1.tlog
C:\Users\Vincent Ni\Desktop\Assignment2\Game2002A2\Debug\link.1548-rc.write.1.tlog
C:\Users\Vincent Ni\Desktop\Assignment2\Game2002A2\Debug\link.1548.read.1.tlog
C:\Users\Vincent Ni\Desktop\Assignment2\Game2002A2\Debug\link.1548.write.1.tlog
C:\Users\Vincent Ni\Desktop\Assignment2\Game2002A2\Debug\link.2452-cvtres.read.1.tlog
C:\Users\Vincent Ni\Desktop\Assignment2\Game2002A2\Debug\link.2452-cvtres.write.1.tlog
C:\Users\Vincent Ni\Desktop\Assignment2\Game2002A2\Debug\link.2452-rc.read.1.tlog
C:\Users\Vincent Ni\Desktop\Assignment2\Game2002A2\Debug\link.2452-rc.write.1.tlog
C:\Users\Vincent Ni\Desktop\Assignment2\Game2002A2\Debug\link.2452.read.1.tlog
C:\Users\Vincent Ni\Desktop\Assignment2\Game2002A2\Debug\link.2452.write.1.tlog
C:\Users\Vincent Ni\Desktop\Assignment2\Game2002A2\Debug\link.3728-cvtres.read.1.tlog
C:\Users\Vincent Ni\Desktop\Assignment2\Game2002A2\Debug\link.3728-cvtres.write.1.tlog
C:\Users\Vincent Ni\Desktop\Assignment2\Game2002A2\Debug\link.3728-rc.read.1.tlog
C:\Users\Vincent Ni\Desktop\Assignment2\Game2002A2\Debug\link.3728-rc.write.1.tlog
C:\Users\Vincent Ni\Desktop\Assignment2\Game2002A2\Debug\link.3728.read.1.tlog
C:\Users\Vincent Ni\Desktop\Assignment2\Game2002A2\Debug\link.3728.write.1.tlog
C:\Users\Vincent Ni\Desktop\Assignment2\Game2002A2\Debug\link.3952-cvtres.read.1.tlog
C:\Users\Vincent Ni\Desktop\Assignment2\Game2002A2\Debug\link.3952-cvtres.write.1.tlog
C:\Users\Vincent Ni\Desktop\Assignment2\Game2002A2\Debug\link.3952-rc.read.1.tlog
C:\Users\Vincent Ni\Desktop\Assignment2\Game2002A2\Debug\link.3952-rc.write.1.tlog
C:\Users\Vincent Ni\Desktop\Assignment2\Game2002A2\Debug\link.3952.read.1.tlog
C:\Users\Vincent Ni\Desktop\Assignment2\Game2002A2\Debug\link.3952.write.1.tlog
C:\Users\Vincent Ni\Desktop\Assignment2\Game2002A2\Debug\link.4328-cvtres.read.1.tlog
C:\Users\Vincent Ni\Desktop\Assignment2\Game2002A2\Debug\link.4328-cvtres.write.1.tlog
C:\Users\Vincent Ni\Desktop\Assignment2\Game2002A2\Debug\link.4328-rc.read.1.tlog
C:\Users\Vincent Ni\Desktop\Assignment2\Game2002A2\Debug\link.4328-rc.write.1.tlog
C:\Users\Vincent Ni\Desktop\Assignment2\Game2002A2\Debug\link.4328.read.1.tlog
C:\Users\Vincent Ni\Desktop\Assignment2\Game2002A2\Debug\link.4328.write.1.tlog
C:\Users\Vincent Ni\Desktop\Assignment2\Game2002A2\Debug\link.4532-cvtres.read.1.tlog
C:\Users\Vincent Ni\Desktop\Assignment2\Game2002A2\Debug\link.4532-cvtres.write.1.tlog
C:\Users\Vincent Ni\Desktop\Assignment2\Game2002A2\Debug\link.4532-rc.read.1.tlog
C:\Users\Vincent Ni\Desktop\Assignment2\Game2002A2\Debug\link.4532-rc.write.1.tlog
C:\Users\Vincent Ni\Desktop\Assignment2\Game2002A2\Debug\link.4532.read.1.tlog
C:\Users\Vincent Ni\Desktop\Assignment2\Game2002A2\Debug\link.4532.write.1.tlog
C:\Users\Vincent Ni\Desktop\Assignment2\Game2002A2\Debug\link.4832-cvtres.read.1.tlog
C:\Users\Vincent Ni\Desktop\Assignment2\Game2002A2\Debug\link.4832-cvtres.write.1.tlog
C:\Users\Vincent Ni\Desktop\Assignment2\Game2002A2\Debug\link.4832-rc.read.1.tlog
C:\Users\Vincent Ni\Desktop\Assignment2\Game2002A2\Debug\link.4832-rc.write.1.tlog
C:\Users\Vincent Ni\Desktop\Assignment2\Game2002A2\Debug\link.4832.read.1.tlog
C:\Users\Vincent Ni\Desktop\Assignment2\Game2002A2\Debug\link.4832.write.1.tlog
C:\Users\Vincent Ni\Desktop\Assignment2\Game2002A2\Debug\link.4948-cvtres.read.1.tlog
C:\Users\Vincent Ni\Desktop\Assignment2\Game2002A2\Debug\link.4948-cvtres.write.1.tlog
C:\Users\Vincent Ni\Desktop\Assignment2\Game2002A2\Debug\link.4948-rc.read.1.tlog
C:\Users\Vincent Ni\Desktop\Assignment2\Game2002A2\Debug\link.4948-rc.write.1.tlog
C:\Users\Vincent Ni\Desktop\Assignment2\Game2002A2\Debug\link.4948.read.1.tlog
C:\Users\Vincent Ni\Desktop\Assignment2\Game2002A2\Debug\link.4948.write.1.tlog
C:\Users\Vincent Ni\Desktop\Assignment2\Game2002A2\Debug\link.5244-cvtres.read.1.tlog
C:\Users\Vincent Ni\Desktop\Assignment2\Game2002A2\Debug\link.5244-cvtres.write.1.tlog
C:\Users\Vincent Ni\Desktop\Assignment2\Game2002A2\Debug\link.5244-rc.read.1.tlog
C:\Users\Vincent Ni\Desktop\Assignment2\Game2002A2\Debug\link.5244-rc.write.1.tlog
C:\Users\Vincent Ni\Desktop\Assignment2\Game2002A2\Debug\link.5244.read.1.tlog
C:\Users\Vincent Ni\Desktop\Assignment2\Game2002A2\Debug\link.5244.write.1.tlog
C:\Users\Vincent Ni\Desktop\Assignment2\Game2002A2\Debug\link.5628-cvtres.read.1.tlog
C:\Users\Vincent Ni\Desktop\Assignment2\Game2002A2\Debug\link.5628-cvtres.write.1.tlog
C:\Users\Vincent Ni\Desktop\Assignment2\Game2002A2\Debug\link.5628-rc.read.1.tlog
C:\Users\Vincent Ni\Desktop\Assignment2\Game2002A2\Debug\link.5628-rc.write.1.tlog
C:\Users\Vincent Ni\Desktop\Assignment2\Game2002A2\Debug\link.5628.read.1.tlog
C:\Users\Vincent Ni\Desktop\Assignment2\Game2002A2\Debug\link.5628.write.1.tlog
C:\Users\Vincent Ni\Desktop\Assignment2\Game2002A2\Debug\link.5820-cvtres.read.1.tlog
C:\Users\Vincent Ni\Desktop\Assignment2\Game2002A2\Debug\link.5820-cvtres.write.1.tlog
C:\Users\Vincent Ni\Desktop\Assignment2\Game2002A2\Debug\link.5820-rc.read.1.tlog
C:\Users\Vincent Ni\Desktop\Assignment2\Game2002A2\Debug\link.5820-rc.write.1.tlog
C:\Users\Vincent Ni\Desktop\Assignment2\Game2002A2\Debug\link.5820.read.1.tlog
C:\Users\Vincent Ni\Desktop\Assignment2\Game2002A2\Debug\link.5820.write.1.tlog
C:\Users\Vincent Ni\Desktop\Assignment2\Game2002A2\Debug\link.5944-cvtres.read.1.tlog
C:\Users\Vincent Ni\Desktop\Assignment2\Game2002A2\Debug\link.5944-cvtres.write.1.tlog
C:\Users\Vincent Ni\Desktop\Assignment2\Game2002A2\Debug\link.5944-rc.read.1.tlog
C:\Users\Vincent Ni\Desktop\Assignment2\Game2002A2\Debug\link.5944-rc.write.1.tlog
C:\Users\Vincent Ni\Desktop\Assignment2\Game2002A2\Debug\link.5944.read.1.tlog
C:\Users\Vincent Ni\Desktop\Assignment2\Game2002A2\Debug\link.5944.write.1.tlog
C:\Users\Vincent Ni\Desktop\Assignment2\Game2002A2\Debug\link.6152-cvtres.read.1.tlog
C:\Users\Vincent Ni\Desktop\Assignment2\Game2002A2\Debug\link.6152-cvtres.write.1.tlog
C:\Users\Vincent Ni\Desktop\Assignment2\Game2002A2\Debug\link.6152-rc.read.1.tlog
C:\Users\Vincent Ni\Desktop\Assignment2\Game2002A2\Debug\link.6152-rc.write.1.tlog
C:\Users\Vincent Ni\Desktop\Assignment2\Game2002A2\Debug\link.6152.read.1.tlog
C:\Users\Vincent Ni\Desktop\Assignment2\Game2002A2\Debug\link.6152.write.1.tlog
C:\Users\Vincent Ni\Desktop\Assignment2\Game2002A2\Debug\link.6440-cvtres.read.1.tlog
C:\Users\Vincent Ni\Desktop\Assignment2\Game2002A2\Debug\link.6440-cvtres.write.1.tlog
C:\Users\Vincent Ni\Desktop\Assignment2\Game2002A2\Debug\link.6440-rc.read.1.tlog
C:\Users\Vincent Ni\Desktop\Assignment2\Game2002A2\Debug\link.6440-rc.write.1.tlog
C:\Users\Vincent Ni\Desktop\Assignment2\Game2002A2\Debug\link.6440.read.1.tlog
C:\Users\Vincent Ni\Desktop\Assignment2\Game2002A2\Debug\link.6440.write.1.tlog
C:\Users\Vincent Ni\Desktop\Assignment2\Game2002A2\Debug\link.6468-cvtres.read.1.tlog
C:\Users\Vincent Ni\Desktop\Assignment2\Game2002A2\Debug\link.6468-cvtres.write.1.tlog
C:\Users\Vincent Ni\Desktop\Assignment2\Game2002A2\Debug\link.6468-rc.read.1.tlog
C:\Users\Vincent Ni\Desktop\Assignment2\Game2002A2\Debug\link.6468-rc.write.1.tlog
C:\Users\Vincent Ni\Desktop\Assignment2\Game2002A2\Debug\link.6468.read.1.tlog
C:\Users\Vincent Ni\Desktop\Assignment2\Game2002A2\Debug\link.6468.write.1.tlog
C:\Users\Vincent Ni\Desktop\Assignment2\Game2002A2\Debug\link.6840-cvtres.read.1.tlog
C:\Users\Vincent Ni\Desktop\Assignment2\Game2002A2\Debug\link.6840-cvtres.write.1.tlog
C:\Users\Vincent Ni\Desktop\Assignment2\Game2002A2\Debug\link.6840-rc.read.1.tlog
C:\Users\Vincent Ni\Desktop\Assignment2\Game2002A2\Debug\link.6840-rc.write.1.tlog
C:\Users\Vincent Ni\Desktop\Assignment2\Game2002A2\Debug\link.6840.read.1.tlog
C:\Users\Vincent Ni\Desktop\Assignment2\Game2002A2\Debug\link.6840.write.1.tlog
C:\Users\Vincent Ni\Desktop\Assignment2\Game2002A2\Debug\link.6924-cvtres.read.1.tlog
C:\Users\Vincent Ni\Desktop\Assignment2\Game2002A2\Debug\link.6924-cvtres.write.1.tlog
C:\Users\Vincent Ni\Desktop\Assignment2\Game2002A2\Debug\link.6924-rc.read.1.tlog
C:\Users\Vincent Ni\Desktop\Assignment2\Game2002A2\Debug\link.6924-rc.write.1.tlog
C:\Users\Vincent Ni\Desktop\Assignment2\Game2002A2\Debug\link.6924.read.1.tlog
C:\Users\Vincent Ni\Desktop\Assignment2\Game2002A2\Debug\link.6924.write.1.tlog
C:\Users\Vincent Ni\Desktop\Assignment2\Game2002A2\Debug\link.6988-cvtres.read.1.tlog
C:\Users\Vincent Ni\Desktop\Assignment2\Game2002A2\Debug\link.6988-cvtres.write.1.tlog
C:\Users\Vincent Ni\Desktop\Assignment2\Game2002A2\Debug\link.6988-rc.read.1.tlog
C:\Users\Vincent Ni\Desktop\Assignment2\Game2002A2\Debug\link.6988-rc.write.1.tlog
C:\Users\Vincent Ni\Desktop\Assignment2\Game2002A2\Debug\link.6988.read.1.tlog
C:\Users\Vincent Ni\Desktop\Assignment2\Game2002A2\Debug\link.6988.write.1.tlog
C:\Users\Vincent Ni\Desktop\Assignment2\Game2002A2\Debug\link.7044-cvtres.read.1.tlog
C:\Users\Vincent Ni\Desktop\Assignment2\Game2002A2\Debug\link.7044-cvtres.write.1.tlog
C:\Users\Vincent Ni\Desktop\Assignment2\Game2002A2\Debug\link.7044-rc.read.1.tlog
C:\Users\Vincent Ni\Desktop\Assignment2\Game2002A2\Debug\link.7044-rc.write.1.tlog
C:\Users\Vincent Ni\Desktop\Assignment2\Game2002A2\Debug\link.7044.read.1.tlog
C:\Users\Vincent Ni\Desktop\Assignment2\Game2002A2\Debug\link.7044.write.1.tlog
C:\Users\Vincent Ni\Desktop\Assignment2\Game2002A2\Debug\link.7252-cvtres.read.1.tlog
C:\Users\Vincent Ni\Desktop\Assignment2\Game2002A2\Debug\link.7252-cvtres.write.1.tlog
C:\Users\Vincent Ni\Desktop\Assignment2\Game2002A2\Debug\link.7252-rc.read.1.tlog
C:\Users\Vincent Ni\Desktop\Assignment2\Game2002A2\Debug\link.7252-rc.write.1.tlog
C:\Users\Vincent Ni\Desktop\Assignment2\Game2002A2\Debug\link.7252.read.1.tlog
C:\Users\Vincent Ni\Desktop\Assignment2\Game2002A2\Debug\link.7252.write.1.tlog
C:\Users\Vincent Ni\Desktop\Assignment2\Game2002A2\Debug\link.7456-cvtres.read.1.tlog
C:\Users\Vincent Ni\Desktop\Assignment2\Game2002A2\Debug\link.7456-cvtres.write.1.tlog
C:\Users\Vincent Ni\Desktop\Assignment2\Game2002A2\Debug\link.7456-rc.read.1.tlog
C:\Users\Vincent Ni\Desktop\Assignment2\Game2002A2\Debug\link.7456-rc.write.1.tlog
C:\Users\Vincent Ni\Desktop\Assignment2\Game2002A2\Debug\link.7456.read.1.tlog
C:\Users\Vincent Ni\Desktop\Assignment2\Game2002A2\Debug\link.7456.write.1.tlog
C:\Users\Vincent Ni\Desktop\Assignment2\Game2002A2\Debug\link.7888-cvtres.read.1.tlog
C:\Users\Vincent Ni\Desktop\Assignment2\Game2002A2\Debug\link.7888-cvtres.write.1.tlog
C:\Users\Vincent Ni\Desktop\Assignment2\Game2002A2\Debug\link.7888-rc.read.1.tlog
C:\Users\Vincent Ni\Desktop\Assignment2\Game2002A2\Debug\link.7888-rc.write.1.tlog
C:\Users\Vincent Ni\Desktop\Assignment2\Game2002A2\Debug\link.7888.read.1.tlog
C:\Users\Vincent Ni\Desktop\Assignment2\Game2002A2\Debug\link.7888.write.1.tlog
C:\Users\Vincent Ni\Desktop\Assignment2\Game2002A2\Debug\link.8144-cvtres.read.1.tlog
C:\Users\Vincent Ni\Desktop\Assignment2\Game2002A2\Debug\link.8144-cvtres.write.1.tlog
C:\Users\Vincent Ni\Desktop\Assignment2\Game2002A2\Debug\link.8144-rc.read.1.tlog
C:\Users\Vincent Ni\Desktop\Assignment2\Game2002A2\Debug\link.8144-rc.write.1.tlog
C:\Users\Vincent Ni\Desktop\Assignment2\Game2002A2\Debug\link.8144.read.1.tlog
C:\Users\Vincent Ni\Desktop\Assignment2\Game2002A2\Debug\link.8144.write.1.tlog
C:\Users\Vincent Ni\Desktop\Assignment2\Game2002A2\Debug\link.8220-cvtres.read.1.tlog
C:\Users\Vincent Ni\Desktop\Assignment2\Game2002A2\Debug\link.8220-cvtres.write.1.tlog
C:\Users\Vincent Ni\Desktop\Assignment2\Game2002A2\Debug\link.8220-rc.read.1.tlog
C:\Users\Vincent Ni\Desktop\Assignment2\Game2002A2\Debug\link.8220-rc.write.1.tlog
C:\Users\Vincent Ni\Desktop\Assignment2\Game2002A2\Debug\link.8220.read.1.tlog
C:\Users\Vincent Ni\Desktop\Assignment2\Game2002A2\Debug\link.8220.write.1.tlog
C:\Users\Vincent Ni\Desktop\Assignment2\Game2002A2\Debug\link.8408-cvtres.read.1.tlog
C:\Users\Vincent Ni\Desktop\Assignment2\Game2002A2\Debug\link.8408-cvtres.write.1.tlog
C:\Users\Vincent Ni\Desktop\Assignment2\Game2002A2\Debug\link.8408-rc.read.1.tlog
C:\Users\Vincent Ni\Desktop\Assignment2\Game2002A2\Debug\link.8408-rc.write.1.tlog
C:\Users\Vincent Ni\Desktop\Assignment2\Game2002A2\Debug\link.8408.read.1.tlog
C:\Users\Vincent Ni\Desktop\Assignment2\Game2002A2\Debug\link.8408.write.1.tlog
C:\Users\Vincent Ni\Desktop\Assignment2\Game2002A2\Debug\link.9032-cvtres.read.1.tlog
C:\Users\Vincent Ni\Desktop\Assignment2\Game2002A2\Debug\link.9032-cvtres.write.1.tlog
C:\Users\Vincent Ni\Desktop\Assignment2\Game2002A2\Debug\link.9032-rc.read.1.tlog
C:\Users\Vincent Ni\Desktop\Assignment2\Game2002A2\Debug\link.9032-rc.write.1.tlog
C:\Users\Vincent Ni\Desktop\Assignment2\Game2002A2\Debug\link.9032.read.1.tlog
C:\Users\Vincent Ni\Desktop\Assignment2\Game2002A2\Debug\link.9032.write.1.tlog
C:\Users\Vincent Ni\Desktop\Assignment2\Game2002A2\Debug\link.command.1.tlog
C:\Users\Vincent Ni\Desktop\Assignment2\Game2002A2\Debug\link.read.1.tlog
C:\Users\Vincent Ni\Desktop\Assignment2\Game2002A2\Debug\link.write.1.tlog
C:\Users\Vincent Ni\Desktop\Assignment2\Game2002A2\Debug\vc110.idb
C:\Users\Vincent Ni\Desktop\Assignment2\Game2002A2\Debug\vc110.pdb
C:\Users\Vincent Ni\Desktop\Assignment2\Debug\Game2002A2.pdb
